<?xml version="1.0" encoding="UTF-8"?>
<coverage generated="1751919506620" clover="3.2.0">
  <project timestamp="1751919506620" name="All files">
    <metrics statements="25" coveredstatements="23" conditionals="16" coveredconditionals="13" methods="10" coveredmethods="9" elements="51" coveredelements="45" complexity="0" loc="25" ncloc="25" packages="1" files="1" classes="1"/>
    <file name="clinicController.js" path="/app/health-advisor-gh/backend/src/controllers/clinicController.js">
      <metrics statements="25" coveredstatements="23" conditionals="16" coveredconditionals="13" methods="10" coveredmethods="9"/>
      <line num="2" count="1" type="stmt"/>
      <line num="96" count="1" type="stmt"/>
      <line num="97" count="5" type="stmt"/>
      <line num="98" count="5" type="stmt"/>
      <line num="100" count="5" type="cond" truecount="2" falsecount="0"/>
      <line num="101" count="2" type="stmt"/>
      <line num="102" count="14" type="cond" truecount="2" falsecount="0"/>
      <line num="106" count="5" type="cond" truecount="2" falsecount="0"/>
      <line num="107" count="1" type="stmt"/>
      <line num="108" count="32" type="stmt"/>
      <line num="112" count="5" type="cond" truecount="2" falsecount="0"/>
      <line num="113" count="1" type="stmt"/>
      <line num="114" count="7" type="cond" truecount="2" falsecount="0"/>
      <line num="118" count="5" type="cond" truecount="1" falsecount="1"/>
      <line num="119" count="0" type="stmt"/>
      <line num="120" count="0" type="cond" truecount="0" falsecount="2"/>
      <line num="125" count="5" type="stmt"/>
      <line num="127" count="5" type="stmt"/>
      <line num="131" count="1" type="stmt"/>
      <line num="132" count="2" type="stmt"/>
      <line num="133" count="8" type="stmt"/>
      <line num="135" count="2" type="stmt"/>
      <line num="136" count="2" type="cond" truecount="2" falsecount="0"/>
      <line num="137" count="1" type="stmt"/>
      <line num="139" count="1" type="stmt"/>
    </file>
  </project>
</coverage>
