{"/app/health-advisor-gh/backend/src/controllers/clinicController.js": {"path":"/app/health-advisor-gh/backend/src/controllers/clinicController.js","statementMap":{"0":{"start":{"line":2,"column":20},"end":{"line":94,"column":1}},"1":{"start":{"line":96,"column":0},"end":{"line":129,"column":2}},"2":{"start":{"line":97,"column":42},"end":{"line":97,"column":51}},"3":{"start":{"line":98,"column":24},"end":{"line":98,"column":40}},"4":{"start":{"line":100,"column":2},"end":{"line":104,"column":3}},"5":{"start":{"line":101,"column":4},"end":{"line":103,"column":6}},"6":{"start":{"line":102,"column":6},"end":{"line":102,"column":81}},"7":{"start":{"line":106,"column":2},"end":{"line":110,"column":3}},"8":{"start":{"line":107,"column":4},"end":{"line":109,"column":6}},"9":{"start":{"line":108,"column":6},"end":{"line":108,"column":80}},"10":{"start":{"line":108,"column":32},"end":{"line":108,"column":79}},"11":{"start":{"line":112,"column":2},"end":{"line":116,"column":3}},"12":{"start":{"line":113,"column":4},"end":{"line":115,"column":6}},"13":{"start":{"line":114,"column":6},"end":{"line":114,"column":75}},"14":{"start":{"line":118,"column":2},"end":{"line":122,"column":3}},"15":{"start":{"line":119,"column":4},"end":{"line":121,"column":6}},"16":{"start":{"line":120,"column":8},"end":{"line":120,"column":99}},"17":{"start":{"line":125,"column":2},"end":{"line":128,"column":32}},"18":{"start":{"line":127,"column":4},"end":{"line":127,"column":42}},"19":{"start":{"line":131,"column":0},"end":{"line":142,"column":2}},"20":{"start":{"line":132,"column":19},"end":{"line":132,"column":29}},"21":{"start":{"line":133,"column":19},"end":{"line":133,"column":53}},"22":{"start":{"line":133,"column":41},"end":{"line":133,"column":52}},"23":{"start":{"line":135,"column":4},"end":{"line":141,"column":34}},"24":{"start":{"line":136,"column":8},"end":{"line":140,"column":9}},"25":{"start":{"line":137,"column":12},"end":{"line":137,"column":41}},"26":{"start":{"line":139,"column":12},"end":{"line":139,"column":67}}},"fnMap":{"0":{"name":"(anonymous_0)","decl":{"start":{"line":96,"column":21},"end":{"line":96,"column":22}},"loc":{"start":{"line":96,"column":41},"end":{"line":129,"column":1}},"line":96},"1":{"name":"(anonymous_1)","decl":{"start":{"line":101,"column":45},"end":{"line":101,"column":46}},"loc":{"start":{"line":102,"column":6},"end":{"line":102,"column":81}},"line":102},"2":{"name":"(anonymous_2)","decl":{"start":{"line":107,"column":45},"end":{"line":107,"column":46}},"loc":{"start":{"line":108,"column":6},"end":{"line":108,"column":80}},"line":108},"3":{"name":"(anonymous_3)","decl":{"start":{"line":108,"column":27},"end":{"line":108,"column":28}},"loc":{"start":{"line":108,"column":32},"end":{"line":108,"column":79}},"line":108},"4":{"name":"(anonymous_4)","decl":{"start":{"line":113,"column":45},"end":{"line":113,"column":46}},"loc":{"start":{"line":114,"column":6},"end":{"line":114,"column":75}},"line":114},"5":{"name":"(anonymous_5)","decl":{"start":{"line":119,"column":45},"end":{"line":119,"column":46}},"loc":{"start":{"line":120,"column":8},"end":{"line":120,"column":99}},"line":120},"6":{"name":"(anonymous_6)","decl":{"start":{"line":125,"column":13},"end":{"line":125,"column":14}},"loc":{"start":{"line":125,"column":19},"end":{"line":128,"column":3}},"line":125},"7":{"name":"(anonymous_7)","decl":{"start":{"line":131,"column":24},"end":{"line":131,"column":25}},"loc":{"start":{"line":131,"column":44},"end":{"line":142,"column":1}},"line":131},"8":{"name":"(anonymous_8)","decl":{"start":{"line":133,"column":36},"end":{"line":133,"column":37}},"loc":{"start":{"line":133,"column":41},"end":{"line":133,"column":52}},"line":133},"9":{"name":"(anonymous_9)","decl":{"start":{"line":135,"column":15},"end":{"line":135,"column":16}},"loc":{"start":{"line":135,"column":21},"end":{"line":141,"column":5}},"line":135}},"branchMap":{"0":{"loc":{"start":{"line":100,"column":2},"end":{"line":104,"column":3}},"type":"if","locations":[{"start":{"line":100,"column":2},"end":{"line":104,"column":3}},{"start":{},"end":{}}],"line":100},"1":{"loc":{"start":{"line":102,"column":6},"end":{"line":102,"column":81}},"type":"binary-expr","locations":[{"start":{"line":102,"column":6},"end":{"line":102,"column":19}},{"start":{"line":102,"column":23},"end":{"line":102,"column":81}}],"line":102},"2":{"loc":{"start":{"line":106,"column":2},"end":{"line":110,"column":3}},"type":"if","locations":[{"start":{"line":106,"column":2},"end":{"line":110,"column":3}},{"start":{},"end":{}}],"line":106},"3":{"loc":{"start":{"line":112,"column":2},"end":{"line":116,"column":3}},"type":"if","locations":[{"start":{"line":112,"column":2},"end":{"line":116,"column":3}},{"start":{},"end":{}}],"line":112},"4":{"loc":{"start":{"line":114,"column":6},"end":{"line":114,"column":75}},"type":"binary-expr","locations":[{"start":{"line":114,"column":6},"end":{"line":114,"column":17}},{"start":{"line":114,"column":21},"end":{"line":114,"column":75}}],"line":114},"5":{"loc":{"start":{"line":118,"column":2},"end":{"line":122,"column":3}},"type":"if","locations":[{"start":{"line":118,"column":2},"end":{"line":122,"column":3}},{"start":{},"end":{}}],"line":118},"6":{"loc":{"start":{"line":120,"column":8},"end":{"line":120,"column":99}},"type":"binary-expr","locations":[{"start":{"line":120,"column":8},"end":{"line":120,"column":29}},{"start":{"line":120,"column":33},"end":{"line":120,"column":99}}],"line":120},"7":{"loc":{"start":{"line":136,"column":8},"end":{"line":140,"column":9}},"type":"if","locations":[{"start":{"line":136,"column":8},"end":{"line":140,"column":9}},{"start":{"line":138,"column":15},"end":{"line":140,"column":9}}],"line":136}},"s":{"0":1,"1":1,"2":5,"3":5,"4":5,"5":2,"6":14,"7":5,"8":1,"9":7,"10":32,"11":5,"12":1,"13":7,"14":5,"15":0,"16":0,"17":5,"18":5,"19":1,"20":2,"21":2,"22":8,"23":2,"24":2,"25":1,"26":1},"f":{"0":5,"1":14,"2":7,"3":32,"4":7,"5":0,"6":5,"7":2,"8":8,"9":2},"b":{"0":[2,3],"1":[14,14],"2":[1,4],"3":[1,4],"4":[7,7],"5":[0,5],"6":[0,0],"7":[1,1]},"_coverageSchema":"1a1c01bbd47fc00a2c39e90264f33305004495a9","hash":"ae11c047d0e03a8369bb32cd0fc599f1f95ff4ca"}
}
