TN:
SF:src/controllers/clinicController.js
FN:96,(anonymous_0)
FN:101,(anonymous_1)
FN:107,(anonymous_2)
FN:108,(anonymous_3)
FN:113,(anonymous_4)
FN:119,(anonymous_5)
FN:125,(anonymous_6)
FN:131,(anonymous_7)
FN:133,(anonymous_8)
FN:135,(anonymous_9)
FNF:10
FNH:9
FNDA:5,(anonymous_0)
FNDA:14,(anonymous_1)
FNDA:7,(anonymous_2)
FNDA:32,(anonymous_3)
FNDA:7,(anonymous_4)
FNDA:0,(anonymous_5)
FNDA:5,(anonymous_6)
FNDA:2,(anonymous_7)
FNDA:8,(anonymous_8)
FNDA:2,(anonymous_9)
DA:2,1
DA:96,1
DA:97,5
DA:98,5
DA:100,5
DA:101,2
DA:102,14
DA:106,5
DA:107,1
DA:108,32
DA:112,5
DA:113,1
DA:114,7
DA:118,5
DA:119,0
DA:120,0
DA:125,5
DA:127,5
DA:131,1
DA:132,2
DA:133,8
DA:135,2
DA:136,2
DA:137,1
DA:139,1
LF:25
LH:23
BRDA:100,0,0,2
BRDA:100,0,1,3
BRDA:102,1,0,14
BRDA:102,1,1,14
BRDA:106,2,0,1
BRDA:106,2,1,4
BRDA:112,3,0,1
BRDA:112,3,1,4
BRDA:114,4,0,7
BRDA:114,4,1,7
BRDA:118,5,0,0
BRDA:118,5,1,5
BRDA:120,6,0,0
BRDA:120,6,1,0
BRDA:136,7,0,1
BRDA:136,7,1,1
BRF:16
BRH:13
end_of_record
